> Task :app:preBuild UP-TO-DATE
> Task :app:preDebugBuild UP-TO-DATE
> Task :app:mergeDebugNativeDebugMetadata NO-SOURCE
> Task :app:checkKotlinGradlePluginConfigurationErrors
> Task :app:checkDebugAarMetadata UP-TO-DATE
> Task :app:generateDebugResValues UP-TO-DATE
> Task :app:mapDebugSourceSetPaths UP-TO-DATE
> Task :app:generateDebugResources UP-TO-DATE
> Task :app:mergeDebugResources UP-TO-DATE
> Task :app:packageDebugResources UP-TO-DATE
> Task :app:parseDebugLocalResources UP-TO-DATE
> Task :app:createDebugCompatibleScreenManifests UP-TO-DATE
> Task :app:extractDeepLinksDebug UP-TO-DATE
> Task :app:processDebugMainManifest UP-TO-DATE
> Task :app:processDebugManifest UP-TO-DATE
> Task :app:processDebugManifestForPackage UP-TO-DATE
> Task :app:processDebugResources UP-TO-DATE
> Task :app:javaPreCompileDebug UP-TO-DATE
> Task :app:mergeDebugShaders UP-TO-DATE
> Task :app:compileDebugShaders NO-SOURCE
> Task :app:generateDebugAssets UP-TO-DATE
> Task :app:mergeDebugAssets UP-TO-DATE
> Task :app:compressDebugAssets UP-TO-DATE
> Task :app:checkDebugDuplicateClasses UP-TO-DATE
> Task :app:desugarDebugFileDependencies UP-TO-DATE
> Task :app:mergeDebugStartupProfile UP-TO-DATE
> Task :app:mergeExtDexDebug UP-TO-DATE
> Task :app:mergeLibDexDebug UP-TO-DATE
> Task :app:mergeDebugJniLibFolders UP-TO-DATE
> Task :app:mergeDebugNativeLibs UP-TO-DATE
> Task :app:stripDebugDebugSymbols UP-TO-DATE
> Task :app:validateSigningDebug UP-TO-DATE
> Task :app:writeDebugAppMetadata UP-TO-DATE
> Task :app:writeDebugSigningConfigVersions UP-TO-DATE

> Task :app:compileDebugKotlin
e: file:///C:/janak/projects/location_alarm_app_V2/app/src/main/java/com/janak/location/alarm/ui/map/MapScreen.kt:44:38 Unresolved reference: geojson
e: file:///C:/janak/projects/location_alarm_app_V2/app/src/main/java/com/janak/location/alarm/ui/map/MapScreen.kt:146:66 Unresolved reference: toBitmap
e: file:///C:/janak/projects/location_alarm_app_V2/app/src/main/java/com/janak/location/alarm/ui/map/MapScreen.kt:147:27 Overload resolution ambiguity: 
public open fun addImage(p0: String, p1: Bitmap): Unit defined in org.maplibre.android.maps.Style
public open fun addImage(p0: String, p1: Drawable): Unit defined in org.maplibre.android.maps.Style
e: file:///C:/janak/projects/location_alarm_app_V2/app/src/main/java/com/janak/location/alarm/ui/map/MapScreen.kt:166:59 Unresolved reference: geojson
e: file:///C:/janak/projects/location_alarm_app_V2/app/src/main/java/com/janak/location/alarm/ui/map/MapScreen.kt:167:25 Overload resolution ambiguity: 
public final fun setGeoJson(json: String): Unit defined in org.maplibre.android.style.sources.GeoJsonSource
public final fun setGeoJson(feature: Feature?): Unit defined in org.maplibre.android.style.sources.GeoJsonSource
public final fun setGeoJson(featureCollection: FeatureCollection?): Unit defined in org.maplibre.android.style.sources.GeoJsonSource
public final fun setGeoJson(geometry: Geometry?): Unit defined in org.maplibre.android.style.sources.GeoJsonSource

> Task :app:compileDebugKotlin FAILED

FAILURE: Build failed with an exception.

* What went wrong:
Execution failed for task ':app:compileDebugKotlin'.
> A failure occurred while executing org.jetbrains.kotlin.compilerRunner.GradleCompilerRunnerWithWorkers$GradleKotlinCompilerWorkAction
   > Compilation error. See log for more details

* Try:
> Run with --stacktrace option to get the stack trace.
> Run with --info or --debug option to get more log output.
> Run with --scan to get full insights.
> Get more help at https://help.gradle.org.

BUILD FAILED in 5s
30 actionable tasks: 2 executed, 28 up-to-date
